ov2295_789_891.huntress
7
An instance of auto tune has started... 0
An instance of auto tune has started... 1
An instance of auto tune has started... 2
An instance of auto tune has started... 3
An instance of auto tune has started... 4
An instance of auto tune has started... 5
An instance of auto tune has started... 6
An instance of auto tune has started... 7
An instance of auto tune has started... 8
An instance of auto tune has started... 9
An instance of auto tune has started... 10
An instance of auto tune has started... 11
An instance of auto tune has started... 12
An instance of auto tune has started... 13
An instance of auto tune has started... 14
An instance of auto tune has started... 15
An instance of auto tune has started... 16
An instance of auto tune has started... 17
An instance of auto tune has started... 18
An instance of auto tune has started... 19
An instance of auto tune has started... 20
An instance of auto tune has started... 21
An instance of auto tune has started... 22
An instance of auto tune has started... 23
An instance of auto tune has started... 24
An instance of auto tune has started... 25
An instance of auto tune has started... 26
An instance of auto tune has started... 27
An instance of auto tune has started... 28
An instance of auto tune has started... 29
10 35 0.3
5 17 0.4
7 25 0.2
6 21 0.3
0 1 0.1
19 67 0.2
2 7 0.3
1 3 0.4
24 85 0.1
27 95 0.2
5 19 0.1
28 99 0.1
20 71 0.1
25 87 0.4
21 73 0.4
17 59 0.4
13 45 0.4
9 31 0.4
12 43 0.1
16 57 0.1
4 15 0.1
23 81 0.2
14 49 0.3
11 39 0.2
15 53 0.2
22 77 0.3
8 29 0.1
18 63 0.3
26 91 0.3
19 67 0.3
3 11 0.2
2 7 0.4
10 35 0.4
5 19 0.2
7 25 0.3
6 21 0.4
0 1 0.2
19 67 0.4
13 47 0.1
1 5 0.1
24 85 0.2
27 95 0.3
25 89 0.1
17 61 0.1
21 75 0.1
28 99 0.2
14 49 0.4
5 19 0.3
9 33 0.1
18 63 0.4
16 57 0.2
22 77 0.4
20 71 0.2
26 91 0.4
23 81 0.3
12 43 0.2
15 53 0.3
8 29 0.2
11 39 0.3
4 15 0.2
2 9 0.1
3 11 0.3
0 1 0.3
13 47 0.2
10 37 0.1
19 69 0.1
24 85 0.3
6 23 0.1
7 25 0.4
0 1 0.4
13 47 0.3
1 5 0.2
27 95 0.4
14 51 0.1
25 89 0.2
5 19 0.4
28 99 0.3
17 61 0.2
15 53 0.4
18 65 0.1
21 75 0.2
26 93 0.1
23 81 0.4
9 33 0.2
22 79 0.1
16 57 0.3
20 71 0.3
11 39 0.4
2 9 0.2
12 43 0.3
8 29 0.3
7 27 0.1
3 11 0.4
4 15 0.3
24 85 0.4
0 3 0.1
10 37 0.2
19 69 0.2
1 5 0.3
6 23 0.2
2 9 0.3
13 47 0.4
0 3 0.2
27 97 0.1
1 5 0.4
28 99 0.4
28 th process finished False 99 0.1
23 83 0.1
5 21 0.1
15 55 0.1
25 89 0.3
14 51 0.2
17 61 0.3
16 57 0.4
21 75 0.3
18 65 0.2
12 43 0.4
20 71 0.4
22 79 0.2
11 41 0.1
3 13 0.1
9 33 0.3
26 93 0.2
8 29 0.4
2 9 0.4
4 15 0.4
24 87 0.1
7 27 0.2
19 69 0.3
10 37 0.3
0 3 0.3
0 th process finished False 3 0.1
1 7 0.1
6 23 0.3
3 13 0.2
2 11 0.1
2 th process finished False 9 0.1
13 49 0.1
23 83 0.2
14 51 0.3
21 75 0.4
24 87 0.2
9 33 0.4
16 59 0.1
1 7 0.2
1 th process finished False 7 0.1
27 97 0.2
25 89 0.4
17 61 0.4
15 55 0.2
5 21 0.2
5 th process finished False 21 0.1
20 73 0.1
12 45 0.1
18 65 0.3
4 17 0.1
22 79 0.3
8 31 0.1
26 93 0.3
11 41 0.2
23 83 0.3
7 27 0.3
14 51 0.4
19 69 0.4
19 th process finished False 69 0.1
13 49 0.2
13 th process finished False 47 0.1
21 77 0.1
10 37 0.4
9 35 0.1
24 87 0.3
24 th process finished False 87 0.1
3 13 0.3
6 23 0.4
17 63 0.1
4 17 0.2
27 97 0.3
26 93 0.4
15 55 0.3
8 31 0.2
23 83 0.4
23 th process finished False 83 0.1
7 27 0.4
7 th process finished False 27 0.1
14 53 0.1
14 th process finished False 51 0.1
16 59 0.2
21 77 0.2
21 th process finished False 77 0.1
18 65 0.4
25 91 0.1
22 79 0.4
20 73 0.2
9 35 0.2
9 th process finished False 35 0.1
11 41 0.3
12 45 0.2
10 39 0.1
10 th process finished False 37 0.1
4 17 0.3
4 th process finished False 15 0.1
3 13 0.4
3 th process finished False 13 0.1
17 63 0.2
17 th process finished False 63 0.1
27 97 0.4
27 th process finished False 97 0.1
6 25 0.1
6 th process finished False 25 0.1
26 95 0.1
26 th process finished False 93 0.1
15 55 0.4
15 th process finished False 55 0.1
8 31 0.3
8 th process finished False 29 0.1
16 59 0.3
16 th process finished False 57 0.1
18 67 0.1
18 th process finished False 65 0.1
22 81 0.1
22 th process finished False 79 0.1
20 73 0.3
20 th process finished False 73 0.1
25 91 0.2
25 th process finished False 89 0.1
11 41 0.4
11 th process finished False 41 0.1
12 45 0.3
12 th process finished False 45 0.1
 Reading the queue ...
 Reading the queue ...
 Reading the queue ...
 Reading the queue ...
 Reading the queue ...
 Reading the queue ...
 Reading the queue ...
 Reading the queue ...
 Reading the queue ...
 Reading the queue ...
 Reading the queue ...
 Reading the queue ...
 Reading the queue ...
 Reading the queue ...
 Reading the queue ...
 Reading the queue ...
 Reading the queue ...
 Reading the queue ...
 Reading the queue ...
 Reading the queue ...
 Reading the queue ...
 Reading the queue ...
 Reading the queue ...
 Reading the queue ...
 Reading the queue ...
 Reading the queue ...
 Reading the queue ...
 Reading the queue ...
 Reading the queue ...
909967
909967
909967
568527
568527
568527
545146
545146
545146
545146
545146
545146
437086
437086
437086
437086
437086
437086
437086
437086
437086
437086
437086
437086
437086
437086
437086
437086
437086
437086
437086
closed True
221.48866605758667
 1->0 :  7810  0->1 :  38776  NA->1 :  136284
869
624
589
550
547
526
533
Postprocessed 1->0 :  526  0->1 :  50133  NA->1 :  197127
Post processing time :  45.57605195045471
